<?xml version="1.0" encoding="UTF-8"?>
<!-- Generated by org.testng.reporters.JUnitReportReporter -->
<testsuite hostname="DESKTOP-281P9LJ" failures="0" tests="6" name="testCases.TC003_LoginDDT" time="59.321" errors="0" timestamp="2025-09-02T10:36:55 IST" skipped="0">
  <testcase classname="testCases.TC003_LoginDDT" name="Verify_LoginDDT" time="11.412"/>
  <testcase classname="testCases.TC003_LoginDDT" name="Verify_LoginDDT" time="10.853"/>
  <testcase classname="testCases.TC003_LoginDDT" name="Verify_LoginDDT" time="11.673"/>
  <testcase classname="testCases.TC003_LoginDDT" name="Verify_LoginDDT" time="2.721"/>
  <testcase classname="testCases.TC003_LoginDDT" name="Verify_LoginDDT" time="11.652"/>
  <testcase classname="testCases.TC003_LoginDDT" name="Verify_LoginDDT" time="11.010"/>
</testsuite> <!-- testCases.TC003_LoginDDT -->
