<?xml version="1.0" encoding="UTF-8"?>
<!-- Generated by org.testng.reporters.JUnitReportReporter -->
<testsuite hostname="DESKTOP-281P9LJ" failures="0" tests="1" name="testCases.TC002_LoginTest" time="2.942" errors="0" timestamp="2025-09-08T17:51:03 IST" skipped="0">
  <testcase classname="testCases.TC002_LoginTest" name="verify_login" time="2.942"/>
</testsuite> <!-- testCases.TC002_LoginTest -->
